{"app":"backend","timestamp":"2020-05-01T20:26:11.690Z","hostName":"Hariss-MacBook-Pro.local","class":"App","method":"this.app.listen","event":"App is running at http://localhost:5000 in dev mode.","level":"info"}
{"app":"backend","timestamp":"2020-05-01T20:26:11.689Z","hostName":"Hariss-MacBook-Pro.local","class":"db-connection","method":"create-db-connection","event":"Database connected","level":"info"}
{"app":"backend","timestamp":"2020-05-01T21:16:42.481Z","hostName":"Hariss-MacBook-Pro.local","class":"App","method":"this.app.listen","event":"App is running at http://localhost:5000 in dev mode.","level":"info"}
{"app":"backend","timestamp":"2020-05-01T21:16:42.480Z","hostName":"Hariss-MacBook-Pro.local","class":"db-connection","method":"create-db-connection","event":"","err":{"name":"Error","msg":"No connection options were found in any of configurations file.","stack":"Error: No connection options were found in any of configurations file.\n    at ConnectionOptionsReader.<anonymous> (/Users/harisbeslic/Desktop/job-listing/src/connection/ConnectionOptionsReader.ts:41:19)\n    at step (/Users/harisbeslic/Desktop/job-listing/node_modules/tslib/tslib.js:139:27)\n    at Object.next (/Users/harisbeslic/Desktop/job-listing/node_modules/tslib/tslib.js:120:57)\n    at fulfilled (/Users/harisbeslic/Desktop/job-listing/node_modules/tslib/tslib.js:110:62)\n    at processTicksAndRejections (internal/process/task_queues.js:97:5)"},"level":"error"}
{"app":"backend","timestamp":"2020-05-01T21:51:04.573Z","hostName":"Hariss-MacBook-Pro.local","class":"App","method":"this.app.listen","event":"App is running at http://localhost:5000 in dev mode.","level":"info"}
{"app":"backend","timestamp":"2020-05-01T21:51:04.572Z","hostName":"Hariss-MacBook-Pro.local","class":"db-connection","method":"create-db-connection","event":"Database connected","level":"info"}
{"app":"backend","timestamp":"2020-05-01T22:03:14.845Z","hostName":"Hariss-MacBook-Pro.local","class":"App","method":"this.app.listen","event":"App is running at http://localhost:5000 in dev mode.","level":"info"}
{"app":"backend","timestamp":"2020-05-01T22:03:14.844Z","hostName":"Hariss-MacBook-Pro.local","class":"db-connection","method":"create-db-connection","event":"Database connected","level":"info"}
{"app":"backend","timestamp":"2020-05-01T22:08:10.802Z","hostName":"Hariss-MacBook-Pro.local","class":"App","method":"this.app.listen","event":"App is running at http://localhost:5000 in dev mode.","level":"info"}
{"app":"backend","timestamp":"2020-05-01T22:08:10.800Z","hostName":"Hariss-MacBook-Pro.local","class":"db-connection","method":"create-db-connection","event":"Database connected","level":"info"}
{"app":"backend","timestamp":"2020-05-01T22:08:26.925Z","hostName":"Hariss-MacBook-Pro.local","class":"App","method":"this.app.listen","event":"App is running at http://localhost:5000 in dev mode.","level":"info"}
{"app":"backend","timestamp":"2020-05-01T22:08:26.924Z","hostName":"Hariss-MacBook-Pro.local","class":"db-connection","method":"create-db-connection","event":"Database connected","level":"info"}
{"app":"backend","timestamp":"2020-05-01T22:19:59.063Z","hostName":"Hariss-MacBook-Pro.local","class":"Unhandled error","method":"Unhandled error","event":"","err":{"name":"TypeError","msg":"_this.initMessage is not a function","stack":"TypeError: _this.initMessage is not a function\n    at BadRequestException.HttpException [as constructor] (/Users/harisbeslic/Desktop/job-listing/packages/common/dist/exceptions/http.exception.js:25:15)\n    at new BadRequestException (/Users/harisbeslic/Desktop/job-listing/packages/common/dist/exceptions/bad-request.exception.js:21:23)\n    at AuthService.<anonymous> (/Users/harisbeslic/Desktop/job-listing/packages/backend/src/services/Auth.ts:91:13)\n    at step (/Users/harisbeslic/Desktop/job-listing/packages/backend/src/services/Auth.ts:66:23)\n    at Object.next (/Users/harisbeslic/Desktop/job-listing/packages/backend/src/services/Auth.ts:47:53)\n    at fulfilled (/Users/harisbeslic/Desktop/job-listing/packages/backend/src/services/Auth.ts:38:58)"},"level":"error"}
{"app":"backend","timestamp":"2020-05-01T22:19:59.063Z","hostName":"Hariss-MacBook-Pro.local","class":"Unhandled error","method":"Unhandled error","event":"","err":{"name":"TypeError","msg":"_this.initMessage is not a function","stack":"TypeError: _this.initMessage is not a function\n    at BadRequestException.HttpException [as constructor] (/Users/harisbeslic/Desktop/job-listing/packages/common/dist/exceptions/http.exception.js:25:15)\n    at new BadRequestException (/Users/harisbeslic/Desktop/job-listing/packages/common/dist/exceptions/bad-request.exception.js:21:23)\n    at AuthService.<anonymous> (/Users/harisbeslic/Desktop/job-listing/packages/backend/src/services/Auth.ts:91:13)\n    at step (/Users/harisbeslic/Desktop/job-listing/packages/backend/src/services/Auth.ts:66:23)\n    at Object.next (/Users/harisbeslic/Desktop/job-listing/packages/backend/src/services/Auth.ts:47:53)\n    at fulfilled (/Users/harisbeslic/Desktop/job-listing/packages/backend/src/services/Auth.ts:38:58)"},"level":"error"}
{"app":"backend","timestamp":"2020-05-01T22:20:41.231Z","hostName":"Hariss-MacBook-Pro.local","class":"App","method":"this.app.listen","event":"App is running at http://localhost:5000 in dev mode.","level":"info"}
{"app":"backend","timestamp":"2020-05-01T22:20:46.385Z","hostName":"Hariss-MacBook-Pro.local","class":"App","method":"this.app.listen","event":"App is running at http://localhost:5000 in dev mode.","level":"info"}
{"app":"backend","timestamp":"2020-05-01T22:20:46.384Z","hostName":"Hariss-MacBook-Pro.local","class":"db-connection","method":"create-db-connection","event":"Database connected","level":"info"}
{"app":"backend","timestamp":"2020-05-01T22:21:13.859Z","hostName":"Hariss-MacBook-Pro.local","class":"App","method":"this.app.listen","event":"App is running at http://localhost:5000 in dev mode.","level":"info"}
{"app":"backend","timestamp":"2020-05-01T22:21:13.858Z","hostName":"Hariss-MacBook-Pro.local","class":"db-connection","method":"create-db-connection","event":"Database connected","level":"info"}
{"app":"backend","timestamp":"2020-05-01T22:21:51.716Z","hostName":"Hariss-MacBook-Pro.local","class":"App","method":"this.app.listen","event":"App is running at http://localhost:5000 in dev mode.","level":"info"}
{"app":"backend","timestamp":"2020-05-01T22:21:51.715Z","hostName":"Hariss-MacBook-Pro.local","class":"db-connection","method":"create-db-connection","event":"Database connected","level":"info"}
{"app":"backend","timestamp":"2020-05-01T22:22:03.448Z","hostName":"Hariss-MacBook-Pro.local","class":"App","method":"this.app.listen","event":"App is running at http://localhost:5000 in dev mode.","level":"info"}
{"app":"backend","timestamp":"2020-05-01T22:22:03.447Z","hostName":"Hariss-MacBook-Pro.local","class":"db-connection","method":"create-db-connection","event":"Database connected","level":"info"}
{"app":"backend","timestamp":"2020-05-01T22:32:29.301Z","hostName":"Hariss-MacBook-Pro.local","class":"App","method":"this.app.listen","event":"App is running at http://localhost:5000 in dev mode.","level":"info"}
{"app":"backend","timestamp":"2020-05-01T22:32:29.300Z","hostName":"Hariss-MacBook-Pro.local","class":"db-connection","method":"create-db-connection","event":"Database connected","level":"info"}
{"app":"backend","timestamp":"2020-05-01T22:33:31.118Z","hostName":"Hariss-MacBook-Pro.local","class":"App","method":"this.app.listen","event":"App is running at http://localhost:5000 in dev mode.","level":"info"}
{"app":"backend","timestamp":"2020-05-01T22:33:31.117Z","hostName":"Hariss-MacBook-Pro.local","class":"db-connection","method":"create-db-connection","event":"Database connected","level":"info"}
{"app":"backend","timestamp":"2020-05-01T22:40:31.145Z","hostName":"Hariss-MacBook-Pro.local","class":"App","method":"this.app.listen","event":"App is running at http://localhost:5000 in dev mode.","level":"info"}
{"app":"backend","timestamp":"2020-05-01T22:40:31.144Z","hostName":"Hariss-MacBook-Pro.local","class":"db-connection","method":"create-db-connection","event":"Database connected","level":"info"}
{"app":"backend","timestamp":"2020-05-01T22:41:30.765Z","hostName":"Hariss-MacBook-Pro.local","class":"App","method":"this.app.listen","event":"App is running at http://localhost:5000 in dev mode.","level":"info"}
{"app":"backend","timestamp":"2020-05-01T22:41:30.764Z","hostName":"Hariss-MacBook-Pro.local","class":"db-connection","method":"create-db-connection","event":"Database connected","level":"info"}
{"app":"backend","timestamp":"2020-05-01T22:42:09.111Z","hostName":"Hariss-MacBook-Pro.local","class":"App","method":"this.app.listen","event":"App is running at http://localhost:5000 in dev mode.","level":"info"}
{"app":"backend","timestamp":"2020-05-01T22:42:09.110Z","hostName":"Hariss-MacBook-Pro.local","class":"db-connection","method":"create-db-connection","event":"Database connected","level":"info"}
{"app":"backend","timestamp":"2020-05-01T22:45:10.753Z","hostName":"Hariss-MacBook-Pro.local","class":"App","method":"this.app.listen","event":"App is running at http://localhost:5000 in dev mode.","level":"info"}
{"app":"backend","timestamp":"2020-05-01T22:45:10.752Z","hostName":"Hariss-MacBook-Pro.local","class":"db-connection","method":"create-db-connection","event":"Database connected","level":"info"}
{"app":"backend","timestamp":"2020-05-01T22:46:59.955Z","hostName":"Hariss-MacBook-Pro.local","class":"App","method":"this.app.listen","event":"App is running at http://localhost:5000 in dev mode.","level":"info"}
{"app":"backend","timestamp":"2020-05-01T22:46:59.954Z","hostName":"Hariss-MacBook-Pro.local","class":"db-connection","method":"create-db-connection","event":"Database connected","level":"info"}
{"app":"backend","timestamp":"2020-05-01T22:47:10.642Z","hostName":"Hariss-MacBook-Pro.local","class":"App","method":"this.app.listen","event":"App is running at http://localhost:5000 in dev mode.","level":"info"}
{"app":"backend","timestamp":"2020-05-01T22:47:19.089Z","hostName":"Hariss-MacBook-Pro.local","class":"App","method":"this.app.listen","event":"App is running at http://localhost:5000 in dev mode.","level":"info"}
{"app":"backend","timestamp":"2020-05-01T22:47:34.902Z","hostName":"Hariss-MacBook-Pro.local","class":"App","method":"this.app.listen","event":"App is running at http://localhost:5000 in dev mode.","level":"info"}
{"app":"backend","timestamp":"2020-05-01T22:47:34.901Z","hostName":"Hariss-MacBook-Pro.local","class":"db-connection","method":"create-db-connection","event":"Database connected","level":"info"}
{"app":"backend","timestamp":"2020-05-01T22:48:08.319Z","hostName":"Hariss-MacBook-Pro.local","class":"App","method":"this.app.listen","event":"App is running at http://localhost:5000 in dev mode.","level":"info"}
{"app":"backend","timestamp":"2020-05-01T22:48:08.318Z","hostName":"Hariss-MacBook-Pro.local","class":"db-connection","method":"create-db-connection","event":"Database connected","level":"info"}
{"app":"backend","timestamp":"2020-05-01T22:53:37.993Z","hostName":"Hariss-MacBook-Pro.local","class":"App","method":"this.app.listen","event":"App is running at http://localhost:5000 in dev mode.","level":"info"}
{"app":"backend","timestamp":"2020-05-01T22:53:44.341Z","hostName":"Hariss-MacBook-Pro.local","class":"App","method":"this.app.listen","event":"App is running at http://localhost:5000 in dev mode.","level":"info"}
{"app":"backend","timestamp":"2020-05-01T22:53:44.341Z","hostName":"Hariss-MacBook-Pro.local","class":"db-connection","method":"create-db-connection","event":"Database connected","level":"info"}
{"app":"backend","timestamp":"2020-05-01T22:53:52.938Z","hostName":"Hariss-MacBook-Pro.local","class":"App","method":"this.app.listen","event":"App is running at http://localhost:5000 in dev mode.","level":"info"}
{"app":"backend","timestamp":"2020-05-01T22:53:52.937Z","hostName":"Hariss-MacBook-Pro.local","class":"db-connection","method":"create-db-connection","event":"Database connected","level":"info"}
{"app":"backend","timestamp":"2020-05-01T22:56:28.500Z","hostName":"Hariss-MacBook-Pro.local","class":"App","method":"this.app.listen","event":"App is running at http://localhost:5000 in dev mode.","level":"info"}
{"app":"backend","timestamp":"2020-05-01T22:56:28.499Z","hostName":"Hariss-MacBook-Pro.local","class":"db-connection","method":"create-db-connection","event":"Database connected","level":"info"}
{"app":"backend","timestamp":"2020-05-01T22:56:39.762Z","hostName":"Hariss-MacBook-Pro.local","class":"App","method":"this.app.listen","event":"App is running at http://localhost:5000 in dev mode.","level":"info"}
{"app":"backend","timestamp":"2020-05-01T22:56:51.196Z","hostName":"Hariss-MacBook-Pro.local","class":"App","method":"this.app.listen","event":"App is running at http://localhost:5000 in dev mode.","level":"info"}
{"app":"backend","timestamp":"2020-05-01T22:56:58.429Z","hostName":"Hariss-MacBook-Pro.local","class":"App","method":"this.app.listen","event":"App is running at http://localhost:5000 in dev mode.","level":"info"}
{"app":"backend","timestamp":"2020-05-01T22:56:58.428Z","hostName":"Hariss-MacBook-Pro.local","class":"db-connection","method":"create-db-connection","event":"Database connected","level":"info"}
{"app":"backend","timestamp":"2020-05-01T22:57:32.142Z","hostName":"Hariss-MacBook-Pro.local","class":"App","method":"this.app.listen","event":"App is running at http://localhost:5000 in dev mode.","level":"info"}
{"app":"backend","timestamp":"2020-05-01T22:57:32.141Z","hostName":"Hariss-MacBook-Pro.local","class":"db-connection","method":"create-db-connection","event":"Database connected","level":"info"}
{"app":"backend","timestamp":"2020-05-01T23:21:02.822Z","hostName":"Hariss-MacBook-Pro.local","class":"App","method":"this.app.listen","event":"App is running at http://localhost:5000 in dev mode.","level":"info"}
{"app":"backend","timestamp":"2020-05-01T23:21:02.821Z","hostName":"Hariss-MacBook-Pro.local","class":"db-connection","method":"create-db-connection","event":"Database connected","level":"info"}
{"app":"backend","timestamp":"2020-05-01T23:23:09.099Z","hostName":"Hariss-MacBook-Pro.local","class":"App","method":"this.app.listen","event":"App is running at http://localhost:5000 in dev mode.","level":"info"}
{"app":"backend","timestamp":"2020-05-01T23:23:09.098Z","hostName":"Hariss-MacBook-Pro.local","class":"db-connection","method":"create-db-connection","event":"Database connected","level":"info"}
{"app":"backend","timestamp":"2020-05-01T23:24:32.464Z","hostName":"Hariss-MacBook-Pro.local","class":"App","method":"this.app.listen","event":"App is running at http://localhost:5000 in dev mode.","level":"info"}
{"app":"backend","timestamp":"2020-05-01T23:24:32.463Z","hostName":"Hariss-MacBook-Pro.local","class":"db-connection","method":"create-db-connection","event":"Database connected","level":"info"}
{"app":"backend","timestamp":"2020-05-01T23:26:33.254Z","hostName":"Hariss-MacBook-Pro.local","class":"App","method":"this.app.listen","event":"App is running at http://localhost:5000 in dev mode.","level":"info"}
{"app":"backend","timestamp":"2020-05-01T23:26:33.253Z","hostName":"Hariss-MacBook-Pro.local","class":"db-connection","method":"create-db-connection","event":"Database connected","level":"info"}
{"app":"backend","timestamp":"2020-05-01T23:34:57.529Z","hostName":"Hariss-MacBook-Pro.local","class":"App","method":"this.app.listen","event":"App is running at http://localhost:5000 in dev mode.","level":"info"}
{"app":"backend","timestamp":"2020-05-01T23:34:57.527Z","hostName":"Hariss-MacBook-Pro.local","class":"db-connection","method":"create-db-connection","event":"Database connected","level":"info"}
{"app":"backend","timestamp":"2020-05-01T23:55:54.233Z","hostName":"Hariss-MacBook-Pro.local","class":"App","method":"this.app.listen","event":"App is running at http://localhost:5000 in dev mode.","level":"info"}
{"app":"backend","timestamp":"2020-05-01T23:55:54.231Z","hostName":"Hariss-MacBook-Pro.local","class":"db-connection","method":"create-db-connection","event":"Database connected","level":"info"}
{"app":"backend","timestamp":"2020-05-01T23:56:49.625Z","hostName":"Hariss-MacBook-Pro.local","class":"App","method":"this.app.listen","event":"App is running at http://localhost:5000 in production mode.","level":"info"}
{"app":"backend","timestamp":"2020-05-01T23:56:49.624Z","hostName":"Hariss-MacBook-Pro.local","class":"db-connection","method":"create-db-connection","event":"Database connected","level":"info"}
{"app":"backend","timestamp":"2020-05-02T00:06:17.848Z","hostName":"Hariss-MacBook-Pro.local","class":"App","method":"this.app.listen","event":"App is running at http://localhost:5000 in dev mode.","level":"info"}
{"app":"backend","timestamp":"2020-05-02T00:06:17.847Z","hostName":"Hariss-MacBook-Pro.local","class":"db-connection","method":"create-db-connection","event":"Database connected","level":"info"}
